[0.005s] Invoking command in '/home/airporal/Documents/files/J60/ros_ws/build/j60interfaces': CMAKE_PREFIX_PATH=${CMAKE_PREFIX_PATH}:/opt/ros/humble /usr/bin/cmake /home/airporal/Documents/files/J60/ros_ws/src/j60interfaces -DCMAKE_INSTALL_PREFIX=/home/airporal/Documents/files/J60/ros_ws/install/j60interfaces
[0.036s] -- The C compiler identification is GNU 12.3.0
[0.068s] -- The CXX compiler identification is GNU 11.4.0
[0.072s] -- Detecting C compiler ABI info
[0.111s] -- Detecting C compiler ABI info - done
[0.115s] -- Check for working C compiler: /usr/bin/cc - skipped
[0.115s] -- Detecting C compile features
[0.115s] -- Detecting C compile features - done
[0.117s] -- Detecting CXX compiler ABI info
[0.158s] -- Detecting CXX compiler ABI info - done
[0.161s] -- Check for working CXX compiler: /usr/bin/c++ - skipped
[0.161s] -- Detecting CXX compile features
[0.161s] -- Detecting CXX compile features - done
[0.162s] -- Found ament_cmake: 1.3.11 (/opt/ros/humble/share/ament_cmake/cmake)
[0.237s] -- Found Python3: /usr/bin/python3 (found version "3.10.12") found components: Interpreter 
[0.277s] -- Found rosidl_default_generators: 1.2.0 (/opt/ros/humble/share/rosidl_default_generators/cmake)
[0.278s] -- Using all available rosidl_typesupport_c: rosidl_typesupport_fastrtps_c;rosidl_typesupport_introspection_c
[0.280s] -- Found rosidl_adapter: 3.1.6 (/opt/ros/humble/share/rosidl_adapter/cmake)
[0.305s] -- Using all available rosidl_typesupport_cpp: rosidl_typesupport_fastrtps_cpp;rosidl_typesupport_introspection_cpp
[0.450s] -- Found ament_cmake_ros: 0.10.0 (/opt/ros/humble/share/ament_cmake_ros/cmake)
[0.538s] -- Using all available rosidl_typesupport_c: rosidl_typesupport_fastrtps_c;rosidl_typesupport_introspection_c
[0.657s] -- Using all available rosidl_typesupport_cpp: rosidl_typesupport_fastrtps_cpp;rosidl_typesupport_introspection_cpp
[0.669s] -- Found PythonInterp: /usr/bin/python3 (found suitable version "3.10.12", minimum required is "3.6") 
[0.669s] -- Found python_cmake_module: 0.10.0 (/opt/ros/humble/share/python_cmake_module/cmake)
[0.682s] -- Found PythonLibs: /usr/lib/x86_64-linux-gnu/libpython3.10.so (found suitable version "3.10.12", minimum required is "3.5") 
[0.682s] -- Using PYTHON_EXECUTABLE: /usr/bin/python3
[0.682s] -- Using PYTHON_INCLUDE_DIRS: /usr/include/python3.10
[0.682s] -- Using PYTHON_LIBRARIES: /usr/lib/x86_64-linux-gnu/libpython3.10.so
[0.693s] -- Found PythonExtra: .so  
[0.708s] -- Found ament_lint_auto: 0.12.11 (/opt/ros/humble/share/ament_lint_auto/cmake)
[0.715s] -- Added test 'lint_cmake' to check CMake code style
[0.716s] -- Added test 'xmllint' to check XML markup files
[0.718s] -- Configuring done
[0.731s] -- Generating done
[0.735s] -- Build files have been written to: /home/airporal/Documents/files/J60/ros_ws/build/j60interfaces
[0.738s] Invoked command in '/home/airporal/Documents/files/J60/ros_ws/build/j60interfaces' returned '0': CMAKE_PREFIX_PATH=${CMAKE_PREFIX_PATH}:/opt/ros/humble /usr/bin/cmake /home/airporal/Documents/files/J60/ros_ws/src/j60interfaces -DCMAKE_INSTALL_PREFIX=/home/airporal/Documents/files/J60/ros_ws/install/j60interfaces
[0.739s] Invoking command in '/home/airporal/Documents/files/J60/ros_ws/build/j60interfaces': CMAKE_PREFIX_PATH=${CMAKE_PREFIX_PATH}:/opt/ros/humble /usr/bin/cmake --build /home/airporal/Documents/files/J60/ros_ws/build/j60interfaces -- -j28 -l28
[0.765s] [  2%] [34m[1mGenerating C code for ROS interfaces[0m
[0.771s] [  5%] [34m[1mGenerating C++ code for ROS interfaces[0m
[0.777s] [  5%] Built target ament_cmake_python_copy_j60interfaces
[0.881s] running egg_info
[0.882s] creating j60interfaces.egg-info
[0.882s] writing j60interfaces.egg-info/PKG-INFO
[0.882s] writing dependency_links to j60interfaces.egg-info/dependency_links.txt
[0.882s] writing top-level names to j60interfaces.egg-info/top_level.txt
[0.882s] writing manifest file 'j60interfaces.egg-info/SOURCES.txt'
[0.882s] reading manifest file 'j60interfaces.egg-info/SOURCES.txt'
[0.883s] writing manifest file 'j60interfaces.egg-info/SOURCES.txt'
[0.897s] [  5%] Built target ament_cmake_python_build_j60interfaces_egg
[0.905s] [  5%] Built target j60interfaces__cpp
[0.909s] [  7%] [32mBuilding C object CMakeFiles/j60interfaces__rosidl_generator_c.dir/rosidl_generator_c/j60interfaces/msg/detail/state_j60__functions.c.o[0m
[0.910s] [ 12%] [34m[1mGenerating C++ type support dispatch for ROS interfaces[0m
[0.910s] [ 12%] [34m[1mGenerating C++ introspection for ROS interfaces[0m
[0.911s] [ 15%] [32mBuilding C object CMakeFiles/j60interfaces__rosidl_generator_c.dir/rosidl_generator_c/j60interfaces/msg/detail/move_j60__functions.c.o[0m
[0.913s] [ 17%] [34m[1mGenerating C++ type support for eProsima Fast-RTPS[0m
[0.937s] [ 20%] [32m[1mLinking C shared library libj60interfaces__rosidl_generator_c.so[0m
[0.956s] [ 20%] Built target j60interfaces__rosidl_generator_c
[0.961s] [ 23%] [34m[1mGenerating C type support dispatch for ROS interfaces[0m
[0.962s] [ 25%] [34m[1mGenerating C introspection for ROS interfaces[0m
[0.963s] [ 28%] [34m[1mGenerating C type support for eProsima Fast-RTPS[0m
[1.026s] [ 30%] [32mBuilding CXX object CMakeFiles/j60interfaces__rosidl_typesupport_cpp.dir/rosidl_typesupport_cpp/j60interfaces/msg/state_j60__type_support.cpp.o[0m
[1.027s] [ 33%] [32mBuilding CXX object CMakeFiles/j60interfaces__rosidl_typesupport_cpp.dir/rosidl_typesupport_cpp/j60interfaces/msg/move_j60__type_support.cpp.o[0m
[1.032s] [ 35%] [32mBuilding CXX object CMakeFiles/j60interfaces__rosidl_typesupport_introspection_cpp.dir/rosidl_typesupport_introspection_cpp/j60interfaces/msg/detail/move_j60__type_support.cpp.o[0m
[1.033s] [ 38%] [32mBuilding CXX object CMakeFiles/j60interfaces__rosidl_typesupport_introspection_cpp.dir/rosidl_typesupport_introspection_cpp/j60interfaces/msg/detail/state_j60__type_support.cpp.o[0m
[1.058s] [ 41%] [32mBuilding CXX object CMakeFiles/j60interfaces__rosidl_typesupport_fastrtps_cpp.dir/rosidl_typesupport_fastrtps_cpp/j60interfaces/msg/detail/dds_fastrtps/move_j60__type_support.cpp.o[0m
[1.058s] [ 43%] [32mBuilding CXX object CMakeFiles/j60interfaces__rosidl_typesupport_fastrtps_cpp.dir/rosidl_typesupport_fastrtps_cpp/j60interfaces/msg/detail/dds_fastrtps/state_j60__type_support.cpp.o[0m
[1.079s] [ 46%] [32mBuilding CXX object CMakeFiles/j60interfaces__rosidl_typesupport_c.dir/rosidl_typesupport_c/j60interfaces/msg/state_j60__type_support.cpp.o[0m
[1.080s] [ 48%] [32mBuilding CXX object CMakeFiles/j60interfaces__rosidl_typesupport_c.dir/rosidl_typesupport_c/j60interfaces/msg/move_j60__type_support.cpp.o[0m
[1.086s] [ 51%] [32mBuilding C object CMakeFiles/j60interfaces__rosidl_typesupport_introspection_c.dir/rosidl_typesupport_introspection_c/j60interfaces/msg/detail/move_j60__type_support.c.o[0m
[1.086s] [ 53%] [32mBuilding C object CMakeFiles/j60interfaces__rosidl_typesupport_introspection_c.dir/rosidl_typesupport_introspection_c/j60interfaces/msg/detail/state_j60__type_support.c.o[0m
[1.092s] [ 56%] [32mBuilding CXX object CMakeFiles/j60interfaces__rosidl_typesupport_fastrtps_c.dir/rosidl_typesupport_fastrtps_c/j60interfaces/msg/detail/move_j60__type_support_c.cpp.o[0m
[1.093s] [ 58%] [32mBuilding CXX object CMakeFiles/j60interfaces__rosidl_typesupport_fastrtps_c.dir/rosidl_typesupport_fastrtps_c/j60interfaces/msg/detail/state_j60__type_support_c.cpp.o[0m
[1.100s] [ 61%] [32m[1mLinking CXX shared library libj60interfaces__rosidl_typesupport_c.so[0m
[1.114s] [ 64%] [32m[1mLinking C shared library libj60interfaces__rosidl_typesupport_introspection_c.so[0m
[1.121s] [ 64%] Built target j60interfaces__rosidl_typesupport_c
[1.134s] [ 64%] Built target j60interfaces__rosidl_typesupport_introspection_c
[1.194s] [ 66%] [32m[1mLinking CXX shared library libj60interfaces__rosidl_typesupport_introspection_cpp.so[0m
[1.211s] [ 69%] [32m[1mLinking CXX shared library libj60interfaces__rosidl_typesupport_cpp.so[0m
[1.221s] [ 69%] Built target j60interfaces__rosidl_typesupport_introspection_cpp
[1.234s] [ 69%] Built target j60interfaces__rosidl_typesupport_cpp
[1.269s] [ 71%] [32m[1mLinking CXX shared library libj60interfaces__rosidl_typesupport_fastrtps_c.so[0m
[1.291s] [ 74%] [32m[1mLinking CXX shared library libj60interfaces__rosidl_typesupport_fastrtps_cpp.so[0m
[1.306s] [ 74%] Built target j60interfaces__rosidl_typesupport_fastrtps_c
[1.328s] [ 74%] Built target j60interfaces__rosidl_typesupport_fastrtps_cpp
[1.339s] [ 74%] Built target j60interfaces
[1.350s] [ 76%] [34m[1mGenerating Python code for ROS interfaces[0m
[1.519s] [ 76%] Built target j60interfaces__py
[1.531s] [ 82%] [32mBuilding C object CMakeFiles/j60interfaces__rosidl_generator_py.dir/rosidl_generator_py/j60interfaces/msg/_state_j60_s.c.o[0m
[1.531s] [ 82%] [32mBuilding C object CMakeFiles/j60interfaces__rosidl_generator_py.dir/rosidl_generator_py/j60interfaces/msg/_move_j60_s.c.o[0m
[1.582s] [ 84%] [32m[1mLinking C shared library rosidl_generator_py/j60interfaces/libj60interfaces__rosidl_generator_py.so[0m
[1.605s] [ 84%] Built target j60interfaces__rosidl_generator_py
[1.618s] [ 92%] [32mBuilding C object CMakeFiles/j60interfaces__rosidl_typesupport_introspection_c__pyext.dir/rosidl_generator_py/j60interfaces/_j60interfaces_s.ep.rosidl_typesupport_introspection_c.c.o[0m
[1.618s] [ 92%] [32mBuilding C object CMakeFiles/j60interfaces__rosidl_typesupport_fastrtps_c__pyext.dir/rosidl_generator_py/j60interfaces/_j60interfaces_s.ep.rosidl_typesupport_fastrtps_c.c.o[0m
[1.618s] [ 92%] [32mBuilding C object CMakeFiles/j60interfaces__rosidl_typesupport_c__pyext.dir/rosidl_generator_py/j60interfaces/_j60interfaces_s.ep.rosidl_typesupport_c.c.o[0m
[1.664s] [ 94%] [32m[1mLinking C shared library rosidl_generator_py/j60interfaces/j60interfaces_s__rosidl_typesupport_c.cpython-310-x86_64-linux-gnu.so[0m
[1.665s] [ 97%] [32m[1mLinking C shared library rosidl_generator_py/j60interfaces/j60interfaces_s__rosidl_typesupport_introspection_c.cpython-310-x86_64-linux-gnu.so[0m
[1.667s] [100%] [32m[1mLinking C shared library rosidl_generator_py/j60interfaces/j60interfaces_s__rosidl_typesupport_fastrtps_c.cpython-310-x86_64-linux-gnu.so[0m
[1.683s] [100%] Built target j60interfaces__rosidl_typesupport_c__pyext
[1.684s] [100%] Built target j60interfaces__rosidl_typesupport_fastrtps_c__pyext
[1.684s] [100%] Built target j60interfaces__rosidl_typesupport_introspection_c__pyext
[1.690s] Invoked command in '/home/airporal/Documents/files/J60/ros_ws/build/j60interfaces' returned '0': CMAKE_PREFIX_PATH=${CMAKE_PREFIX_PATH}:/opt/ros/humble /usr/bin/cmake --build /home/airporal/Documents/files/J60/ros_ws/build/j60interfaces -- -j28 -l28
[1.696s] Invoking command in '/home/airporal/Documents/files/J60/ros_ws/build/j60interfaces': CMAKE_PREFIX_PATH=${CMAKE_PREFIX_PATH}:/opt/ros/humble /usr/bin/cmake --install /home/airporal/Documents/files/J60/ros_ws/build/j60interfaces
[1.700s] -- Install configuration: ""
[1.700s] -- Installing: /home/airporal/Documents/files/J60/ros_ws/install/j60interfaces/share/ament_index/resource_index/rosidl_interfaces/j60interfaces
[1.700s] -- Installing: /home/airporal/Documents/files/J60/ros_ws/install/j60interfaces/include/j60interfaces/j60interfaces
[1.700s] -- Installing: /home/airporal/Documents/files/J60/ros_ws/install/j60interfaces/include/j60interfaces/j60interfaces/msg
[1.700s] -- Installing: /home/airporal/Documents/files/J60/ros_ws/install/j60interfaces/include/j60interfaces/j60interfaces/msg/state_j60.h
[1.700s] -- Installing: /home/airporal/Documents/files/J60/ros_ws/install/j60interfaces/include/j60interfaces/j60interfaces/msg/move_j60.h
[1.700s] -- Installing: /home/airporal/Documents/files/J60/ros_ws/install/j60interfaces/include/j60interfaces/j60interfaces/msg/rosidl_generator_c__visibility_control.h
[1.700s] -- Installing: /home/airporal/Documents/files/J60/ros_ws/install/j60interfaces/include/j60interfaces/j60interfaces/msg/detail
[1.700s] -- Installing: /home/airporal/Documents/files/J60/ros_ws/install/j60interfaces/include/j60interfaces/j60interfaces/msg/detail/state_j60__functions.c
[1.700s] -- Installing: /home/airporal/Documents/files/J60/ros_ws/install/j60interfaces/include/j60interfaces/j60interfaces/msg/detail/move_j60__type_support.h
[1.700s] -- Installing: /home/airporal/Documents/files/J60/ros_ws/install/j60interfaces/include/j60interfaces/j60interfaces/msg/detail/state_j60__functions.h
[1.700s] -- Installing: /home/airporal/Documents/files/J60/ros_ws/install/j60interfaces/include/j60interfaces/j60interfaces/msg/detail/state_j60__struct.h
[1.700s] -- Installing: /home/airporal/Documents/files/J60/ros_ws/install/j60interfaces/include/j60interfaces/j60interfaces/msg/detail/move_j60__functions.c
[1.700s] -- Installing: /home/airporal/Documents/files/J60/ros_ws/install/j60interfaces/include/j60interfaces/j60interfaces/msg/detail/state_j60__type_support.h
[1.700s] -- Installing: /home/airporal/Documents/files/J60/ros_ws/install/j60interfaces/include/j60interfaces/j60interfaces/msg/detail/move_j60__functions.h
[1.700s] -- Installing: /home/airporal/Documents/files/J60/ros_ws/install/j60interfaces/include/j60interfaces/j60interfaces/msg/detail/move_j60__struct.h
[1.700s] -- Installing: /home/airporal/Documents/files/J60/ros_ws/install/j60interfaces/share/j60interfaces/environment/library_path.sh
[1.700s] -- Installing: /home/airporal/Documents/files/J60/ros_ws/install/j60interfaces/share/j60interfaces/environment/library_path.dsv
[1.701s] -- Installing: /home/airporal/Documents/files/J60/ros_ws/install/j60interfaces/lib/libj60interfaces__rosidl_generator_c.so
[1.701s] -- Set runtime path of "/home/airporal/Documents/files/J60/ros_ws/install/j60interfaces/lib/libj60interfaces__rosidl_generator_c.so" to ""
[1.701s] -- Up-to-date: /home/airporal/Documents/files/J60/ros_ws/install/j60interfaces/include/j60interfaces/j60interfaces
[1.701s] -- Up-to-date: /home/airporal/Documents/files/J60/ros_ws/install/j60interfaces/include/j60interfaces/j60interfaces/msg
[1.701s] -- Installing: /home/airporal/Documents/files/J60/ros_ws/install/j60interfaces/include/j60interfaces/j60interfaces/msg/rosidl_typesupport_fastrtps_c__visibility_control.h
[1.701s] -- Up-to-date: /home/airporal/Documents/files/J60/ros_ws/install/j60interfaces/include/j60interfaces/j60interfaces/msg/detail
[1.701s] -- Installing: /home/airporal/Documents/files/J60/ros_ws/install/j60interfaces/include/j60interfaces/j60interfaces/msg/detail/move_j60__rosidl_typesupport_fastrtps_c.h
[1.701s] -- Installing: /home/airporal/Documents/files/J60/ros_ws/install/j60interfaces/include/j60interfaces/j60interfaces/msg/detail/state_j60__rosidl_typesupport_fastrtps_c.h
[1.701s] -- Installing: /home/airporal/Documents/files/J60/ros_ws/install/j60interfaces/lib/libj60interfaces__rosidl_typesupport_fastrtps_c.so
[1.701s] -- Set runtime path of "/home/airporal/Documents/files/J60/ros_ws/install/j60interfaces/lib/libj60interfaces__rosidl_typesupport_fastrtps_c.so" to ""
[1.701s] -- Up-to-date: /home/airporal/Documents/files/J60/ros_ws/install/j60interfaces/include/j60interfaces/j60interfaces
[1.701s] -- Up-to-date: /home/airporal/Documents/files/J60/ros_ws/install/j60interfaces/include/j60interfaces/j60interfaces/msg
[1.701s] -- Installing: /home/airporal/Documents/files/J60/ros_ws/install/j60interfaces/include/j60interfaces/j60interfaces/msg/rosidl_typesupport_introspection_c__visibility_control.h
[1.701s] -- Up-to-date: /home/airporal/Documents/files/J60/ros_ws/install/j60interfaces/include/j60interfaces/j60interfaces/msg/detail
[1.701s] -- Installing: /home/airporal/Documents/files/J60/ros_ws/install/j60interfaces/include/j60interfaces/j60interfaces/msg/detail/move_j60__rosidl_typesupport_introspection_c.h
[1.701s] -- Installing: /home/airporal/Documents/files/J60/ros_ws/install/j60interfaces/include/j60interfaces/j60interfaces/msg/detail/state_j60__rosidl_typesupport_introspection_c.h
[1.701s] -- Installing: /home/airporal/Documents/files/J60/ros_ws/install/j60interfaces/include/j60interfaces/j60interfaces/msg/detail/state_j60__type_support.c
[1.701s] -- Installing: /home/airporal/Documents/files/J60/ros_ws/install/j60interfaces/include/j60interfaces/j60interfaces/msg/detail/move_j60__type_support.c
[1.701s] -- Installing: /home/airporal/Documents/files/J60/ros_ws/install/j60interfaces/lib/libj60interfaces__rosidl_typesupport_introspection_c.so
[1.701s] -- Set runtime path of "/home/airporal/Documents/files/J60/ros_ws/install/j60interfaces/lib/libj60interfaces__rosidl_typesupport_introspection_c.so" to ""
[1.701s] -- Installing: /home/airporal/Documents/files/J60/ros_ws/install/j60interfaces/lib/libj60interfaces__rosidl_typesupport_c.so
[1.701s] -- Set runtime path of "/home/airporal/Documents/files/J60/ros_ws/install/j60interfaces/lib/libj60interfaces__rosidl_typesupport_c.so" to ""
[1.701s] -- Up-to-date: /home/airporal/Documents/files/J60/ros_ws/install/j60interfaces/include/j60interfaces/j60interfaces
[1.701s] -- Up-to-date: /home/airporal/Documents/files/J60/ros_ws/install/j60interfaces/include/j60interfaces/j60interfaces/msg
[1.701s] -- Installing: /home/airporal/Documents/files/J60/ros_ws/install/j60interfaces/include/j60interfaces/j60interfaces/msg/state_j60.hpp
[1.701s] -- Up-to-date: /home/airporal/Documents/files/J60/ros_ws/install/j60interfaces/include/j60interfaces/j60interfaces/msg/detail
[1.701s] -- Installing: /home/airporal/Documents/files/J60/ros_ws/install/j60interfaces/include/j60interfaces/j60interfaces/msg/detail/state_j60__type_support.hpp
[1.701s] -- Installing: /home/airporal/Documents/files/J60/ros_ws/install/j60interfaces/include/j60interfaces/j60interfaces/msg/detail/move_j60__traits.hpp
[1.702s] -- Installing: /home/airporal/Documents/files/J60/ros_ws/install/j60interfaces/include/j60interfaces/j60interfaces/msg/detail/state_j60__traits.hpp
[1.702s] -- Installing: /home/airporal/Documents/files/J60/ros_ws/install/j60interfaces/include/j60interfaces/j60interfaces/msg/detail/move_j60__struct.hpp
[1.702s] -- Installing: /home/airporal/Documents/files/J60/ros_ws/install/j60interfaces/include/j60interfaces/j60interfaces/msg/detail/state_j60__struct.hpp
[1.702s] -- Installing: /home/airporal/Documents/files/J60/ros_ws/install/j60interfaces/include/j60interfaces/j60interfaces/msg/detail/move_j60__type_support.hpp
[1.702s] -- Installing: /home/airporal/Documents/files/J60/ros_ws/install/j60interfaces/include/j60interfaces/j60interfaces/msg/detail/move_j60__builder.hpp
[1.702s] -- Installing: /home/airporal/Documents/files/J60/ros_ws/install/j60interfaces/include/j60interfaces/j60interfaces/msg/detail/state_j60__builder.hpp
[1.702s] -- Installing: /home/airporal/Documents/files/J60/ros_ws/install/j60interfaces/include/j60interfaces/j60interfaces/msg/rosidl_generator_cpp__visibility_control.hpp
[1.702s] -- Installing: /home/airporal/Documents/files/J60/ros_ws/install/j60interfaces/include/j60interfaces/j60interfaces/msg/move_j60.hpp
[1.702s] -- Up-to-date: /home/airporal/Documents/files/J60/ros_ws/install/j60interfaces/include/j60interfaces/j60interfaces
[1.702s] -- Up-to-date: /home/airporal/Documents/files/J60/ros_ws/install/j60interfaces/include/j60interfaces/j60interfaces/msg
[1.702s] -- Installing: /home/airporal/Documents/files/J60/ros_ws/install/j60interfaces/include/j60interfaces/j60interfaces/msg/rosidl_typesupport_fastrtps_cpp__visibility_control.h
[1.702s] -- Up-to-date: /home/airporal/Documents/files/J60/ros_ws/install/j60interfaces/include/j60interfaces/j60interfaces/msg/detail
[1.702s] -- Installing: /home/airporal/Documents/files/J60/ros_ws/install/j60interfaces/include/j60interfaces/j60interfaces/msg/detail/state_j60__rosidl_typesupport_fastrtps_cpp.hpp
[1.702s] -- Installing: /home/airporal/Documents/files/J60/ros_ws/install/j60interfaces/include/j60interfaces/j60interfaces/msg/detail/dds_fastrtps
[1.702s] -- Installing: /home/airporal/Documents/files/J60/ros_ws/install/j60interfaces/include/j60interfaces/j60interfaces/msg/detail/move_j60__rosidl_typesupport_fastrtps_cpp.hpp
[1.702s] -- Installing: /home/airporal/Documents/files/J60/ros_ws/install/j60interfaces/lib/libj60interfaces__rosidl_typesupport_fastrtps_cpp.so
[1.702s] -- Set runtime path of "/home/airporal/Documents/files/J60/ros_ws/install/j60interfaces/lib/libj60interfaces__rosidl_typesupport_fastrtps_cpp.so" to ""
[1.702s] -- Up-to-date: /home/airporal/Documents/files/J60/ros_ws/install/j60interfaces/include/j60interfaces/j60interfaces
[1.702s] -- Up-to-date: /home/airporal/Documents/files/J60/ros_ws/install/j60interfaces/include/j60interfaces/j60interfaces/msg
[1.702s] -- Up-to-date: /home/airporal/Documents/files/J60/ros_ws/install/j60interfaces/include/j60interfaces/j60interfaces/msg/detail
[1.702s] -- Installing: /home/airporal/Documents/files/J60/ros_ws/install/j60interfaces/include/j60interfaces/j60interfaces/msg/detail/state_j60__type_support.cpp
[1.702s] -- Installing: /home/airporal/Documents/files/J60/ros_ws/install/j60interfaces/include/j60interfaces/j60interfaces/msg/detail/move_j60__rosidl_typesupport_introspection_cpp.hpp
[1.702s] -- Installing: /home/airporal/Documents/files/J60/ros_ws/install/j60interfaces/include/j60interfaces/j60interfaces/msg/detail/state_j60__rosidl_typesupport_introspection_cpp.hpp
[1.702s] -- Installing: /home/airporal/Documents/files/J60/ros_ws/install/j60interfaces/include/j60interfaces/j60interfaces/msg/detail/move_j60__type_support.cpp
[1.702s] -- Installing: /home/airporal/Documents/files/J60/ros_ws/install/j60interfaces/lib/libj60interfaces__rosidl_typesupport_introspection_cpp.so
[1.702s] -- Set runtime path of "/home/airporal/Documents/files/J60/ros_ws/install/j60interfaces/lib/libj60interfaces__rosidl_typesupport_introspection_cpp.so" to ""
[1.702s] -- Installing: /home/airporal/Documents/files/J60/ros_ws/install/j60interfaces/lib/libj60interfaces__rosidl_typesupport_cpp.so
[1.703s] -- Set runtime path of "/home/airporal/Documents/files/J60/ros_ws/install/j60interfaces/lib/libj60interfaces__rosidl_typesupport_cpp.so" to ""
[1.703s] -- Installing: /home/airporal/Documents/files/J60/ros_ws/install/j60interfaces/share/j60interfaces/environment/pythonpath.sh
[1.703s] -- Installing: /home/airporal/Documents/files/J60/ros_ws/install/j60interfaces/share/j60interfaces/environment/pythonpath.dsv
[1.703s] -- Installing: /home/airporal/Documents/files/J60/ros_ws/install/j60interfaces/local/lib/python3.10/dist-packages/j60interfaces-0.0.0-py3.10.egg-info
[1.703s] -- Installing: /home/airporal/Documents/files/J60/ros_ws/install/j60interfaces/local/lib/python3.10/dist-packages/j60interfaces-0.0.0-py3.10.egg-info/SOURCES.txt
[1.703s] -- Installing: /home/airporal/Documents/files/J60/ros_ws/install/j60interfaces/local/lib/python3.10/dist-packages/j60interfaces-0.0.0-py3.10.egg-info/dependency_links.txt
[1.703s] -- Installing: /home/airporal/Documents/files/J60/ros_ws/install/j60interfaces/local/lib/python3.10/dist-packages/j60interfaces-0.0.0-py3.10.egg-info/PKG-INFO
[1.703s] -- Installing: /home/airporal/Documents/files/J60/ros_ws/install/j60interfaces/local/lib/python3.10/dist-packages/j60interfaces-0.0.0-py3.10.egg-info/top_level.txt
[1.703s] -- Installing: /home/airporal/Documents/files/J60/ros_ws/install/j60interfaces/local/lib/python3.10/dist-packages/j60interfaces
[1.703s] -- Installing: /home/airporal/Documents/files/J60/ros_ws/install/j60interfaces/local/lib/python3.10/dist-packages/j60interfaces/j60interfaces_s__rosidl_typesupport_c.cpython-310-x86_64-linux-gnu.so
[1.703s] -- Installing: /home/airporal/Documents/files/J60/ros_ws/install/j60interfaces/local/lib/python3.10/dist-packages/j60interfaces/_j60interfaces_s.ep.rosidl_typesupport_introspection_c.c
[1.703s] -- Installing: /home/airporal/Documents/files/J60/ros_ws/install/j60interfaces/local/lib/python3.10/dist-packages/j60interfaces/__init__.py
[1.703s] -- Installing: /home/airporal/Documents/files/J60/ros_ws/install/j60interfaces/local/lib/python3.10/dist-packages/j60interfaces/_j60interfaces_s.ep.rosidl_typesupport_c.c
[1.703s] -- Installing: /home/airporal/Documents/files/J60/ros_ws/install/j60interfaces/local/lib/python3.10/dist-packages/j60interfaces/libj60interfaces__rosidl_generator_py.so
[1.703s] -- Installing: /home/airporal/Documents/files/J60/ros_ws/install/j60interfaces/local/lib/python3.10/dist-packages/j60interfaces/_j60interfaces_s.ep.rosidl_typesupport_fastrtps_c.c
[1.703s] -- Installing: /home/airporal/Documents/files/J60/ros_ws/install/j60interfaces/local/lib/python3.10/dist-packages/j60interfaces/msg
[1.703s] -- Installing: /home/airporal/Documents/files/J60/ros_ws/install/j60interfaces/local/lib/python3.10/dist-packages/j60interfaces/msg/_move_j60_s.c
[1.703s] -- Installing: /home/airporal/Documents/files/J60/ros_ws/install/j60interfaces/local/lib/python3.10/dist-packages/j60interfaces/msg/__init__.py
[1.703s] -- Installing: /home/airporal/Documents/files/J60/ros_ws/install/j60interfaces/local/lib/python3.10/dist-packages/j60interfaces/msg/_move_j60.py
[1.703s] -- Installing: /home/airporal/Documents/files/J60/ros_ws/install/j60interfaces/local/lib/python3.10/dist-packages/j60interfaces/msg/_state_j60_s.c
[1.703s] -- Installing: /home/airporal/Documents/files/J60/ros_ws/install/j60interfaces/local/lib/python3.10/dist-packages/j60interfaces/msg/_state_j60.py
[1.703s] -- Installing: /home/airporal/Documents/files/J60/ros_ws/install/j60interfaces/local/lib/python3.10/dist-packages/j60interfaces/j60interfaces_s__rosidl_typesupport_introspection_c.cpython-310-x86_64-linux-gnu.so
[1.703s] -- Installing: /home/airporal/Documents/files/J60/ros_ws/install/j60interfaces/local/lib/python3.10/dist-packages/j60interfaces/j60interfaces_s__rosidl_typesupport_fastrtps_c.cpython-310-x86_64-linux-gnu.so
[1.721s] Listing '/home/airporal/Documents/files/J60/ros_ws/install/j60interfaces/local/lib/python3.10/dist-packages/j60interfaces'...
[1.721s] Compiling '/home/airporal/Documents/files/J60/ros_ws/install/j60interfaces/local/lib/python3.10/dist-packages/j60interfaces/__init__.py'...
[1.721s] Listing '/home/airporal/Documents/files/J60/ros_ws/install/j60interfaces/local/lib/python3.10/dist-packages/j60interfaces/msg'...
[1.721s] Compiling '/home/airporal/Documents/files/J60/ros_ws/install/j60interfaces/local/lib/python3.10/dist-packages/j60interfaces/msg/__init__.py'...
[1.721s] Compiling '/home/airporal/Documents/files/J60/ros_ws/install/j60interfaces/local/lib/python3.10/dist-packages/j60interfaces/msg/_move_j60.py'...
[1.721s] Compiling '/home/airporal/Documents/files/J60/ros_ws/install/j60interfaces/local/lib/python3.10/dist-packages/j60interfaces/msg/_state_j60.py'...
[1.723s] -- Installing: /home/airporal/Documents/files/J60/ros_ws/install/j60interfaces/local/lib/python3.10/dist-packages/j60interfaces/j60interfaces_s__rosidl_typesupport_fastrtps_c.cpython-310-x86_64-linux-gnu.so
[1.723s] -- Set runtime path of "/home/airporal/Documents/files/J60/ros_ws/install/j60interfaces/local/lib/python3.10/dist-packages/j60interfaces/j60interfaces_s__rosidl_typesupport_fastrtps_c.cpython-310-x86_64-linux-gnu.so" to ""
[1.724s] -- Installing: /home/airporal/Documents/files/J60/ros_ws/install/j60interfaces/local/lib/python3.10/dist-packages/j60interfaces/j60interfaces_s__rosidl_typesupport_introspection_c.cpython-310-x86_64-linux-gnu.so
[1.724s] -- Set runtime path of "/home/airporal/Documents/files/J60/ros_ws/install/j60interfaces/local/lib/python3.10/dist-packages/j60interfaces/j60interfaces_s__rosidl_typesupport_introspection_c.cpython-310-x86_64-linux-gnu.so" to ""
[1.724s] -- Installing: /home/airporal/Documents/files/J60/ros_ws/install/j60interfaces/local/lib/python3.10/dist-packages/j60interfaces/j60interfaces_s__rosidl_typesupport_c.cpython-310-x86_64-linux-gnu.so
[1.724s] -- Set runtime path of "/home/airporal/Documents/files/J60/ros_ws/install/j60interfaces/local/lib/python3.10/dist-packages/j60interfaces/j60interfaces_s__rosidl_typesupport_c.cpython-310-x86_64-linux-gnu.so" to ""
[1.724s] -- Installing: /home/airporal/Documents/files/J60/ros_ws/install/j60interfaces/lib/libj60interfaces__rosidl_generator_py.so
[1.724s] -- Set runtime path of "/home/airporal/Documents/files/J60/ros_ws/install/j60interfaces/lib/libj60interfaces__rosidl_generator_py.so" to ""
[1.724s] -- Installing: /home/airporal/Documents/files/J60/ros_ws/install/j60interfaces/share/j60interfaces/msg/StateJ60.idl
[1.724s] -- Installing: /home/airporal/Documents/files/J60/ros_ws/install/j60interfaces/share/j60interfaces/msg/MoveJ60.idl
[1.724s] -- Installing: /home/airporal/Documents/files/J60/ros_ws/install/j60interfaces/share/j60interfaces/msg/StateJ60.msg
[1.724s] -- Installing: /home/airporal/Documents/files/J60/ros_ws/install/j60interfaces/share/j60interfaces/msg/MoveJ60.msg
[1.724s] -- Installing: /home/airporal/Documents/files/J60/ros_ws/install/j60interfaces/share/ament_index/resource_index/package_run_dependencies/j60interfaces
[1.724s] -- Installing: /home/airporal/Documents/files/J60/ros_ws/install/j60interfaces/share/ament_index/resource_index/parent_prefix_path/j60interfaces
[1.724s] -- Installing: /home/airporal/Documents/files/J60/ros_ws/install/j60interfaces/share/j60interfaces/environment/ament_prefix_path.sh
[1.724s] -- Installing: /home/airporal/Documents/files/J60/ros_ws/install/j60interfaces/share/j60interfaces/environment/ament_prefix_path.dsv
[1.724s] -- Installing: /home/airporal/Documents/files/J60/ros_ws/install/j60interfaces/share/j60interfaces/environment/path.sh
[1.724s] -- Installing: /home/airporal/Documents/files/J60/ros_ws/install/j60interfaces/share/j60interfaces/environment/path.dsv
[1.724s] -- Installing: /home/airporal/Documents/files/J60/ros_ws/install/j60interfaces/share/j60interfaces/local_setup.bash
[1.724s] -- Installing: /home/airporal/Documents/files/J60/ros_ws/install/j60interfaces/share/j60interfaces/local_setup.sh
[1.724s] -- Installing: /home/airporal/Documents/files/J60/ros_ws/install/j60interfaces/share/j60interfaces/local_setup.zsh
[1.724s] -- Installing: /home/airporal/Documents/files/J60/ros_ws/install/j60interfaces/share/j60interfaces/local_setup.dsv
[1.725s] -- Installing: /home/airporal/Documents/files/J60/ros_ws/install/j60interfaces/share/j60interfaces/package.dsv
[1.725s] -- Installing: /home/airporal/Documents/files/J60/ros_ws/install/j60interfaces/share/ament_index/resource_index/packages/j60interfaces
[1.725s] -- Installing: /home/airporal/Documents/files/J60/ros_ws/install/j60interfaces/share/j60interfaces/cmake/export_j60interfaces__rosidl_generator_cExport.cmake
[1.725s] -- Installing: /home/airporal/Documents/files/J60/ros_ws/install/j60interfaces/share/j60interfaces/cmake/export_j60interfaces__rosidl_generator_cExport-noconfig.cmake
[1.725s] -- Installing: /home/airporal/Documents/files/J60/ros_ws/install/j60interfaces/share/j60interfaces/cmake/export_j60interfaces__rosidl_typesupport_fastrtps_cExport.cmake
[1.725s] -- Installing: /home/airporal/Documents/files/J60/ros_ws/install/j60interfaces/share/j60interfaces/cmake/export_j60interfaces__rosidl_typesupport_fastrtps_cExport-noconfig.cmake
[1.725s] -- Installing: /home/airporal/Documents/files/J60/ros_ws/install/j60interfaces/share/j60interfaces/cmake/j60interfaces__rosidl_typesupport_introspection_cExport.cmake
[1.725s] -- Installing: /home/airporal/Documents/files/J60/ros_ws/install/j60interfaces/share/j60interfaces/cmake/j60interfaces__rosidl_typesupport_introspection_cExport-noconfig.cmake
[1.725s] -- Installing: /home/airporal/Documents/files/J60/ros_ws/install/j60interfaces/share/j60interfaces/cmake/j60interfaces__rosidl_typesupport_cExport.cmake
[1.725s] -- Installing: /home/airporal/Documents/files/J60/ros_ws/install/j60interfaces/share/j60interfaces/cmake/j60interfaces__rosidl_typesupport_cExport-noconfig.cmake
[1.725s] -- Installing: /home/airporal/Documents/files/J60/ros_ws/install/j60interfaces/share/j60interfaces/cmake/export_j60interfaces__rosidl_generator_cppExport.cmake
[1.725s] -- Installing: /home/airporal/Documents/files/J60/ros_ws/install/j60interfaces/share/j60interfaces/cmake/export_j60interfaces__rosidl_typesupport_fastrtps_cppExport.cmake
[1.725s] -- Installing: /home/airporal/Documents/files/J60/ros_ws/install/j60interfaces/share/j60interfaces/cmake/export_j60interfaces__rosidl_typesupport_fastrtps_cppExport-noconfig.cmake
[1.725s] -- Installing: /home/airporal/Documents/files/J60/ros_ws/install/j60interfaces/share/j60interfaces/cmake/j60interfaces__rosidl_typesupport_introspection_cppExport.cmake
[1.725s] -- Installing: /home/airporal/Documents/files/J60/ros_ws/install/j60interfaces/share/j60interfaces/cmake/j60interfaces__rosidl_typesupport_introspection_cppExport-noconfig.cmake
[1.725s] -- Installing: /home/airporal/Documents/files/J60/ros_ws/install/j60interfaces/share/j60interfaces/cmake/j60interfaces__rosidl_typesupport_cppExport.cmake
[1.725s] -- Installing: /home/airporal/Documents/files/J60/ros_ws/install/j60interfaces/share/j60interfaces/cmake/j60interfaces__rosidl_typesupport_cppExport-noconfig.cmake
[1.725s] -- Installing: /home/airporal/Documents/files/J60/ros_ws/install/j60interfaces/share/j60interfaces/cmake/export_j60interfaces__rosidl_generator_pyExport.cmake
[1.725s] -- Installing: /home/airporal/Documents/files/J60/ros_ws/install/j60interfaces/share/j60interfaces/cmake/export_j60interfaces__rosidl_generator_pyExport-noconfig.cmake
[1.725s] -- Installing: /home/airporal/Documents/files/J60/ros_ws/install/j60interfaces/share/j60interfaces/cmake/rosidl_cmake-extras.cmake
[1.725s] -- Installing: /home/airporal/Documents/files/J60/ros_ws/install/j60interfaces/share/j60interfaces/cmake/ament_cmake_export_include_directories-extras.cmake
[1.725s] -- Installing: /home/airporal/Documents/files/J60/ros_ws/install/j60interfaces/share/j60interfaces/cmake/ament_cmake_export_libraries-extras.cmake
[1.725s] -- Installing: /home/airporal/Documents/files/J60/ros_ws/install/j60interfaces/share/j60interfaces/cmake/ament_cmake_export_targets-extras.cmake
[1.725s] -- Installing: /home/airporal/Documents/files/J60/ros_ws/install/j60interfaces/share/j60interfaces/cmake/rosidl_cmake_export_typesupport_targets-extras.cmake
[1.725s] -- Installing: /home/airporal/Documents/files/J60/ros_ws/install/j60interfaces/share/j60interfaces/cmake/ament_cmake_export_dependencies-extras.cmake
[1.725s] -- Installing: /home/airporal/Documents/files/J60/ros_ws/install/j60interfaces/share/j60interfaces/cmake/rosidl_cmake_export_typesupport_libraries-extras.cmake
[1.726s] -- Installing: /home/airporal/Documents/files/J60/ros_ws/install/j60interfaces/share/j60interfaces/cmake/j60interfacesConfig.cmake
[1.726s] -- Installing: /home/airporal/Documents/files/J60/ros_ws/install/j60interfaces/share/j60interfaces/cmake/j60interfacesConfig-version.cmake
[1.726s] -- Installing: /home/airporal/Documents/files/J60/ros_ws/install/j60interfaces/share/j60interfaces/package.xml
[1.728s] Invoked command in '/home/airporal/Documents/files/J60/ros_ws/build/j60interfaces' returned '0': CMAKE_PREFIX_PATH=${CMAKE_PREFIX_PATH}:/opt/ros/humble /usr/bin/cmake --install /home/airporal/Documents/files/J60/ros_ws/build/j60interfaces
