[0.044s] DEBUG:colcon:Command line arguments: ['/usr/bin/colcon', 'build', '--packages-up-to', 'j60controller']
[0.044s] DEBUG:colcon:Parsed command line arguments: Namespace(log_base=None, log_level=None, verb_name='build', build_base='build', install_base='install', merge_install=False, symlink_install=False, test_result_base=None, continue_on_error=False, executor='parallel', parallel_workers=28, event_handlers=None, ignore_user_meta=False, metas=['./colcon.meta'], base_paths=['.'], packages_ignore=None, packages_ignore_regex=None, paths=None, packages_up_to=['j60controller'], packages_up_to_regex=None, packages_above=None, packages_above_and_dependencies=None, packages_above_depth=None, packages_select_by_dep=None, packages_skip_by_dep=None, packages_skip_up_to=None, packages_select_build_failed=False, packages_skip_build_finished=False, packages_select_test_failures=False, packages_skip_test_passed=False, packages_select=None, packages_skip=None, packages_select_regex=None, packages_skip_regex=None, packages_start=None, packages_end=None, allow_overriding=[], cmake_args=None, cmake_target=None, cmake_target_skip_unavailable=False, cmake_clean_cache=False, cmake_clean_first=False, cmake_force_configure=False, ament_cmake_args=None, catkin_cmake_args=None, catkin_skip_building_tests=False, verb_parser=<colcon_defaults.argument_parser.defaults.DefaultArgumentsDecorator object at 0x75d6cdd97940>, verb_extension=<colcon_core.verb.build.BuildVerb object at 0x75d6cdf60d30>, main=<bound method BuildVerb.main of <colcon_core.verb.build.BuildVerb object at 0x75d6cdf60d30>>)
[0.111s] Level 1:colcon.colcon_core.package_discovery:discover_packages(colcon_meta) check parameters
[0.111s] Level 1:colcon.colcon_core.package_discovery:discover_packages(recursive) check parameters
[0.111s] Level 1:colcon.colcon_core.package_discovery:discover_packages(ignore) check parameters
[0.111s] Level 1:colcon.colcon_core.package_discovery:discover_packages(path) check parameters
[0.111s] Level 1:colcon.colcon_core.package_discovery:discover_packages(colcon_meta) discover
[0.111s] Level 1:colcon.colcon_core.package_discovery:discover_packages(recursive) discover
[0.111s] INFO:colcon.colcon_core.package_discovery:Crawling recursively for packages in '/home/airporal/Documents/files/J60/ros_ws'
[0.111s] Level 1:colcon.colcon_core.package_identification:_identify(.) by extensions ['ignore', 'ignore_ament_install']
[0.112s] Level 1:colcon.colcon_core.package_identification:_identify(.) by extension 'ignore'
[0.112s] Level 1:colcon.colcon_core.package_identification:_identify(.) by extension 'ignore_ament_install'
[0.112s] Level 1:colcon.colcon_core.package_identification:_identify(.) by extensions ['colcon_pkg']
[0.112s] Level 1:colcon.colcon_core.package_identification:_identify(.) by extension 'colcon_pkg'
[0.112s] Level 1:colcon.colcon_core.package_identification:_identify(.) by extensions ['colcon_meta']
[0.112s] Level 1:colcon.colcon_core.package_identification:_identify(.) by extension 'colcon_meta'
[0.112s] Level 1:colcon.colcon_core.package_identification:_identify(.) by extensions ['ros']
[0.112s] Level 1:colcon.colcon_core.package_identification:_identify(.) by extension 'ros'
[0.117s] Level 1:colcon.colcon_core.package_identification:_identify(.) by extensions ['cmake', 'python']
[0.117s] Level 1:colcon.colcon_core.package_identification:_identify(.) by extension 'cmake'
[0.117s] Level 1:colcon.colcon_core.package_identification:_identify(.) by extension 'python'
[0.117s] Level 1:colcon.colcon_core.package_identification:_identify(.) by extensions ['python_setup_py']
[0.117s] Level 1:colcon.colcon_core.package_identification:_identify(.) by extension 'python_setup_py'
[0.117s] Level 1:colcon.colcon_core.package_identification:_identify(build) by extensions ['ignore', 'ignore_ament_install']
[0.117s] Level 1:colcon.colcon_core.package_identification:_identify(build) by extension 'ignore'
[0.117s] Level 1:colcon.colcon_core.package_identification:_identify(build) ignored
[0.117s] Level 1:colcon.colcon_core.package_identification:_identify(install) by extensions ['ignore', 'ignore_ament_install']
[0.117s] Level 1:colcon.colcon_core.package_identification:_identify(install) by extension 'ignore'
[0.117s] Level 1:colcon.colcon_core.package_identification:_identify(install) ignored
[0.117s] Level 1:colcon.colcon_core.package_identification:_identify(log) by extensions ['ignore', 'ignore_ament_install']
[0.117s] Level 1:colcon.colcon_core.package_identification:_identify(log) by extension 'ignore'
[0.117s] Level 1:colcon.colcon_core.package_identification:_identify(log) ignored
[0.117s] Level 1:colcon.colcon_core.package_identification:_identify(src) by extensions ['ignore', 'ignore_ament_install']
[0.117s] Level 1:colcon.colcon_core.package_identification:_identify(src) by extension 'ignore'
[0.117s] Level 1:colcon.colcon_core.package_identification:_identify(src) by extension 'ignore_ament_install'
[0.117s] Level 1:colcon.colcon_core.package_identification:_identify(src) by extensions ['colcon_pkg']
[0.117s] Level 1:colcon.colcon_core.package_identification:_identify(src) by extension 'colcon_pkg'
[0.117s] Level 1:colcon.colcon_core.package_identification:_identify(src) by extensions ['colcon_meta']
[0.117s] Level 1:colcon.colcon_core.package_identification:_identify(src) by extension 'colcon_meta'
[0.117s] Level 1:colcon.colcon_core.package_identification:_identify(src) by extensions ['ros']
[0.117s] Level 1:colcon.colcon_core.package_identification:_identify(src) by extension 'ros'
[0.117s] Level 1:colcon.colcon_core.package_identification:_identify(src) by extensions ['cmake', 'python']
[0.117s] Level 1:colcon.colcon_core.package_identification:_identify(src) by extension 'cmake'
[0.117s] Level 1:colcon.colcon_core.package_identification:_identify(src) by extension 'python'
[0.117s] Level 1:colcon.colcon_core.package_identification:_identify(src) by extensions ['python_setup_py']
[0.117s] Level 1:colcon.colcon_core.package_identification:_identify(src) by extension 'python_setup_py'
[0.117s] Level 1:colcon.colcon_core.package_identification:_identify(src/j60controller) by extensions ['ignore', 'ignore_ament_install']
[0.118s] Level 1:colcon.colcon_core.package_identification:_identify(src/j60controller) by extension 'ignore'
[0.118s] Level 1:colcon.colcon_core.package_identification:_identify(src/j60controller) by extension 'ignore_ament_install'
[0.118s] Level 1:colcon.colcon_core.package_identification:_identify(src/j60controller) by extensions ['colcon_pkg']
[0.118s] Level 1:colcon.colcon_core.package_identification:_identify(src/j60controller) by extension 'colcon_pkg'
[0.118s] Level 1:colcon.colcon_core.package_identification:_identify(src/j60controller) by extensions ['colcon_meta']
[0.118s] Level 1:colcon.colcon_core.package_identification:_identify(src/j60controller) by extension 'colcon_meta'
[0.118s] Level 1:colcon.colcon_core.package_identification:_identify(src/j60controller) by extensions ['ros']
[0.118s] Level 1:colcon.colcon_core.package_identification:_identify(src/j60controller) by extension 'ros'
[0.119s] DEBUG:colcon.colcon_core.package_identification:Package 'src/j60controller' with type 'ros.ament_cmake' and name 'j60controller'
[0.119s] Level 1:colcon.colcon_core.package_identification:_identify(src/j60interfaces) by extensions ['ignore', 'ignore_ament_install']
[0.119s] Level 1:colcon.colcon_core.package_identification:_identify(src/j60interfaces) by extension 'ignore'
[0.119s] Level 1:colcon.colcon_core.package_identification:_identify(src/j60interfaces) by extension 'ignore_ament_install'
[0.119s] Level 1:colcon.colcon_core.package_identification:_identify(src/j60interfaces) by extensions ['colcon_pkg']
[0.119s] Level 1:colcon.colcon_core.package_identification:_identify(src/j60interfaces) by extension 'colcon_pkg'
[0.119s] Level 1:colcon.colcon_core.package_identification:_identify(src/j60interfaces) by extensions ['colcon_meta']
[0.119s] Level 1:colcon.colcon_core.package_identification:_identify(src/j60interfaces) by extension 'colcon_meta'
[0.119s] Level 1:colcon.colcon_core.package_identification:_identify(src/j60interfaces) by extensions ['ros']
[0.119s] Level 1:colcon.colcon_core.package_identification:_identify(src/j60interfaces) by extension 'ros'
[0.119s] DEBUG:colcon.colcon_core.package_identification:Package 'src/j60interfaces' with type 'ros.ament_cmake' and name 'j60interfaces'
[0.119s] Level 1:colcon.colcon_core.package_discovery:discover_packages(recursive) using defaults
[0.119s] Level 1:colcon.colcon_core.package_discovery:discover_packages(ignore) discover
[0.119s] Level 1:colcon.colcon_core.package_discovery:discover_packages(ignore) using defaults
[0.119s] Level 1:colcon.colcon_core.package_discovery:discover_packages(path) discover
[0.119s] Level 1:colcon.colcon_core.package_discovery:discover_packages(path) using defaults
[0.129s] Level 1:colcon.colcon_core.package_discovery:discover_packages(prefix_path) check parameters
[0.129s] Level 1:colcon.colcon_core.package_discovery:discover_packages(prefix_path) discover
[0.135s] WARNING:colcon.colcon_ros.prefix_path.ament:The path '/home/airporal/Documents/files/J60/ros_ws/install/j60controller' in the environment variable AMENT_PREFIX_PATH doesn't exist
[0.135s] WARNING:colcon.colcon_ros.prefix_path.ament:The path '/home/airporal/Documents/files/J60/ros_ws/install/j60interfaces' in the environment variable AMENT_PREFIX_PATH doesn't exist
[0.135s] WARNING:colcon.colcon_ros.prefix_path.catkin:The path '/home/airporal/Documents/files/J60/ros_ws/install/j60controller' in the environment variable CMAKE_PREFIX_PATH doesn't exist
[0.135s] WARNING:colcon.colcon_ros.prefix_path.catkin:The path '/home/airporal/Documents/files/J60/ros_ws/install/j60interfaces' in the environment variable CMAKE_PREFIX_PATH doesn't exist
[0.135s] DEBUG:colcon.colcon_installed_package_information.package_discovery:Found 0 installed packages in /home/airporal/Documents/files/J60/ros_ws/install
[0.136s] DEBUG:colcon.colcon_installed_package_information.package_discovery:Found 324 installed packages in /opt/ros/humble
[0.136s] Level 1:colcon.colcon_core.package_discovery:discover_packages(prefix_path) using defaults
[0.154s] Level 5:colcon.colcon_core.verb:set package 'j60interfaces' build argument 'cmake_args' from command line to 'None'
[0.154s] Level 5:colcon.colcon_core.verb:set package 'j60interfaces' build argument 'cmake_target' from command line to 'None'
[0.154s] Level 5:colcon.colcon_core.verb:set package 'j60interfaces' build argument 'cmake_target_skip_unavailable' from command line to 'False'
[0.154s] Level 5:colcon.colcon_core.verb:set package 'j60interfaces' build argument 'cmake_clean_cache' from command line to 'False'
[0.154s] Level 5:colcon.colcon_core.verb:set package 'j60interfaces' build argument 'cmake_clean_first' from command line to 'False'
[0.154s] Level 5:colcon.colcon_core.verb:set package 'j60interfaces' build argument 'cmake_force_configure' from command line to 'False'
[0.154s] Level 5:colcon.colcon_core.verb:set package 'j60interfaces' build argument 'ament_cmake_args' from command line to 'None'
[0.154s] Level 5:colcon.colcon_core.verb:set package 'j60interfaces' build argument 'catkin_cmake_args' from command line to 'None'
[0.154s] Level 5:colcon.colcon_core.verb:set package 'j60interfaces' build argument 'catkin_skip_building_tests' from command line to 'False'
[0.154s] DEBUG:colcon.colcon_core.verb:Building package 'j60interfaces' with the following arguments: {'ament_cmake_args': None, 'build_base': '/home/airporal/Documents/files/J60/ros_ws/build/j60interfaces', 'catkin_cmake_args': None, 'catkin_skip_building_tests': False, 'cmake_args': None, 'cmake_clean_cache': False, 'cmake_clean_first': False, 'cmake_force_configure': False, 'cmake_target': None, 'cmake_target_skip_unavailable': False, 'install_base': '/home/airporal/Documents/files/J60/ros_ws/install/j60interfaces', 'merge_install': False, 'path': '/home/airporal/Documents/files/J60/ros_ws/src/j60interfaces', 'symlink_install': False, 'test_result_base': None}
[0.154s] Level 5:colcon.colcon_core.verb:set package 'j60controller' build argument 'cmake_args' from command line to 'None'
[0.154s] Level 5:colcon.colcon_core.verb:set package 'j60controller' build argument 'cmake_target' from command line to 'None'
[0.154s] Level 5:colcon.colcon_core.verb:set package 'j60controller' build argument 'cmake_target_skip_unavailable' from command line to 'False'
[0.154s] Level 5:colcon.colcon_core.verb:set package 'j60controller' build argument 'cmake_clean_cache' from command line to 'False'
[0.154s] Level 5:colcon.colcon_core.verb:set package 'j60controller' build argument 'cmake_clean_first' from command line to 'False'
[0.154s] Level 5:colcon.colcon_core.verb:set package 'j60controller' build argument 'cmake_force_configure' from command line to 'False'
[0.154s] Level 5:colcon.colcon_core.verb:set package 'j60controller' build argument 'ament_cmake_args' from command line to 'None'
[0.154s] Level 5:colcon.colcon_core.verb:set package 'j60controller' build argument 'catkin_cmake_args' from command line to 'None'
[0.154s] Level 5:colcon.colcon_core.verb:set package 'j60controller' build argument 'catkin_skip_building_tests' from command line to 'False'
[0.154s] DEBUG:colcon.colcon_core.verb:Building package 'j60controller' with the following arguments: {'ament_cmake_args': None, 'build_base': '/home/airporal/Documents/files/J60/ros_ws/build/j60controller', 'catkin_cmake_args': None, 'catkin_skip_building_tests': False, 'cmake_args': None, 'cmake_clean_cache': False, 'cmake_clean_first': False, 'cmake_force_configure': False, 'cmake_target': None, 'cmake_target_skip_unavailable': False, 'install_base': '/home/airporal/Documents/files/J60/ros_ws/install/j60controller', 'merge_install': False, 'path': '/home/airporal/Documents/files/J60/ros_ws/src/j60controller', 'symlink_install': False, 'test_result_base': None}
[0.154s] INFO:colcon.colcon_core.executor:Executing jobs using 'parallel' executor
[0.155s] DEBUG:colcon.colcon_parallel_executor.executor.parallel:run_until_complete
[0.155s] INFO:colcon.colcon_ros.task.ament_cmake.build:Building ROS package in '/home/airporal/Documents/files/J60/ros_ws/src/j60interfaces' with build type 'ament_cmake'
[0.155s] INFO:colcon.colcon_cmake.task.cmake.build:Building CMake package in '/home/airporal/Documents/files/J60/ros_ws/src/j60interfaces'
[0.156s] INFO:colcon.colcon_core.plugin_system:Skipping extension 'colcon_core.shell.bat': Not used on non-Windows systems
[0.156s] INFO:colcon.colcon_core.shell:Skip shell extension 'powershell' for command environment: Not usable outside of PowerShell
[0.156s] DEBUG:colcon.colcon_core.shell:Skip shell extension 'dsv' for command environment
[0.161s] DEBUG:colcon.colcon_core.event_handler.log_command:Invoking command in '/home/airporal/Documents/files/J60/ros_ws/build/j60interfaces': CMAKE_PREFIX_PATH=${CMAKE_PREFIX_PATH}:/opt/ros/humble /usr/bin/cmake /home/airporal/Documents/files/J60/ros_ws/src/j60interfaces -DCMAKE_INSTALL_PREFIX=/home/airporal/Documents/files/J60/ros_ws/install/j60interfaces
[0.893s] DEBUG:colcon.colcon_core.event_handler.log_command:Invoked command in '/home/airporal/Documents/files/J60/ros_ws/build/j60interfaces' returned '0': CMAKE_PREFIX_PATH=${CMAKE_PREFIX_PATH}:/opt/ros/humble /usr/bin/cmake /home/airporal/Documents/files/J60/ros_ws/src/j60interfaces -DCMAKE_INSTALL_PREFIX=/home/airporal/Documents/files/J60/ros_ws/install/j60interfaces
[0.894s] DEBUG:colcon.colcon_core.event_handler.log_command:Invoking command in '/home/airporal/Documents/files/J60/ros_ws/build/j60interfaces': CMAKE_PREFIX_PATH=${CMAKE_PREFIX_PATH}:/opt/ros/humble /usr/bin/cmake --build /home/airporal/Documents/files/J60/ros_ws/build/j60interfaces -- -j28 -l28
[1.845s] DEBUG:colcon.colcon_core.event_handler.log_command:Invoked command in '/home/airporal/Documents/files/J60/ros_ws/build/j60interfaces' returned '0': CMAKE_PREFIX_PATH=${CMAKE_PREFIX_PATH}:/opt/ros/humble /usr/bin/cmake --build /home/airporal/Documents/files/J60/ros_ws/build/j60interfaces -- -j28 -l28
[1.851s] DEBUG:colcon.colcon_core.event_handler.log_command:Invoking command in '/home/airporal/Documents/files/J60/ros_ws/build/j60interfaces': CMAKE_PREFIX_PATH=${CMAKE_PREFIX_PATH}:/opt/ros/humble /usr/bin/cmake --install /home/airporal/Documents/files/J60/ros_ws/build/j60interfaces
[1.882s] Level 1:colcon.colcon_core.environment:create_environment_scripts_only(j60interfaces)
[1.883s] DEBUG:colcon.colcon_core.event_handler.log_command:Invoked command in '/home/airporal/Documents/files/J60/ros_ws/build/j60interfaces' returned '0': CMAKE_PREFIX_PATH=${CMAKE_PREFIX_PATH}:/opt/ros/humble /usr/bin/cmake --install /home/airporal/Documents/files/J60/ros_ws/build/j60interfaces
[1.884s] Level 1:colcon.colcon_core.environment:checking '/home/airporal/Documents/files/J60/ros_ws/install/j60interfaces' for CMake module files
[1.884s] Level 1:colcon.colcon_core.environment:checking '/home/airporal/Documents/files/J60/ros_ws/install/j60interfaces' for CMake config files
[1.884s] Level 1:colcon.colcon_core.shell:create_environment_hook('j60interfaces', 'cmake_prefix_path')
[1.884s] INFO:colcon.colcon_core.shell:Creating environment hook '/home/airporal/Documents/files/J60/ros_ws/install/j60interfaces/share/j60interfaces/hook/cmake_prefix_path.ps1'
[1.885s] INFO:colcon.colcon_core.shell:Creating environment descriptor '/home/airporal/Documents/files/J60/ros_ws/install/j60interfaces/share/j60interfaces/hook/cmake_prefix_path.dsv'
[1.885s] INFO:colcon.colcon_core.shell:Creating environment hook '/home/airporal/Documents/files/J60/ros_ws/install/j60interfaces/share/j60interfaces/hook/cmake_prefix_path.sh'
[1.885s] Level 1:colcon.colcon_core.environment:checking '/home/airporal/Documents/files/J60/ros_ws/install/j60interfaces/lib'
[1.885s] Level 1:colcon.colcon_core.shell:create_environment_hook('j60interfaces', 'ld_library_path_lib')
[1.886s] INFO:colcon.colcon_core.shell:Creating environment hook '/home/airporal/Documents/files/J60/ros_ws/install/j60interfaces/share/j60interfaces/hook/ld_library_path_lib.ps1'
[1.886s] INFO:colcon.colcon_core.shell:Creating environment descriptor '/home/airporal/Documents/files/J60/ros_ws/install/j60interfaces/share/j60interfaces/hook/ld_library_path_lib.dsv'
[1.886s] INFO:colcon.colcon_core.shell:Creating environment hook '/home/airporal/Documents/files/J60/ros_ws/install/j60interfaces/share/j60interfaces/hook/ld_library_path_lib.sh'
[1.886s] Level 1:colcon.colcon_core.environment:checking '/home/airporal/Documents/files/J60/ros_ws/install/j60interfaces/bin'
[1.886s] Level 1:colcon.colcon_core.environment:checking '/home/airporal/Documents/files/J60/ros_ws/install/j60interfaces/lib/pkgconfig/j60interfaces.pc'
[1.886s] Level 1:colcon.colcon_core.environment:checking '/home/airporal/Documents/files/J60/ros_ws/install/j60interfaces/lib/python3.10/site-packages'
[1.886s] Level 1:colcon.colcon_core.environment:checking '/home/airporal/Documents/files/J60/ros_ws/install/j60interfaces/bin'
[1.886s] INFO:colcon.colcon_core.shell:Creating package script '/home/airporal/Documents/files/J60/ros_ws/install/j60interfaces/share/j60interfaces/package.ps1'
[1.887s] INFO:colcon.colcon_core.shell:Creating package descriptor '/home/airporal/Documents/files/J60/ros_ws/install/j60interfaces/share/j60interfaces/package.dsv'
[1.887s] INFO:colcon.colcon_core.shell:Creating package script '/home/airporal/Documents/files/J60/ros_ws/install/j60interfaces/share/j60interfaces/package.sh'
[1.887s] INFO:colcon.colcon_core.shell:Creating package script '/home/airporal/Documents/files/J60/ros_ws/install/j60interfaces/share/j60interfaces/package.bash'
[1.887s] INFO:colcon.colcon_core.shell:Creating package script '/home/airporal/Documents/files/J60/ros_ws/install/j60interfaces/share/j60interfaces/package.zsh'
[1.888s] Level 1:colcon.colcon_core.environment:create_file_with_runtime_dependencies(/home/airporal/Documents/files/J60/ros_ws/install/j60interfaces/share/colcon-core/packages/j60interfaces)
[1.888s] Level 1:colcon.colcon_core.environment:create_environment_scripts_only(j60interfaces)
[1.888s] Level 1:colcon.colcon_core.environment:checking '/home/airporal/Documents/files/J60/ros_ws/install/j60interfaces' for CMake module files
[1.888s] Level 1:colcon.colcon_core.environment:checking '/home/airporal/Documents/files/J60/ros_ws/install/j60interfaces' for CMake config files
[1.888s] Level 1:colcon.colcon_core.shell:create_environment_hook('j60interfaces', 'cmake_prefix_path')
[1.889s] INFO:colcon.colcon_core.shell:Creating environment hook '/home/airporal/Documents/files/J60/ros_ws/install/j60interfaces/share/j60interfaces/hook/cmake_prefix_path.ps1'
[1.889s] INFO:colcon.colcon_core.shell:Creating environment descriptor '/home/airporal/Documents/files/J60/ros_ws/install/j60interfaces/share/j60interfaces/hook/cmake_prefix_path.dsv'
[1.889s] INFO:colcon.colcon_core.shell:Creating environment hook '/home/airporal/Documents/files/J60/ros_ws/install/j60interfaces/share/j60interfaces/hook/cmake_prefix_path.sh'
[1.889s] Level 1:colcon.colcon_core.environment:checking '/home/airporal/Documents/files/J60/ros_ws/install/j60interfaces/lib'
[1.889s] Level 1:colcon.colcon_core.shell:create_environment_hook('j60interfaces', 'ld_library_path_lib')
[1.889s] INFO:colcon.colcon_core.shell:Creating environment hook '/home/airporal/Documents/files/J60/ros_ws/install/j60interfaces/share/j60interfaces/hook/ld_library_path_lib.ps1'
[1.889s] INFO:colcon.colcon_core.shell:Creating environment descriptor '/home/airporal/Documents/files/J60/ros_ws/install/j60interfaces/share/j60interfaces/hook/ld_library_path_lib.dsv'
[1.890s] INFO:colcon.colcon_core.shell:Creating environment hook '/home/airporal/Documents/files/J60/ros_ws/install/j60interfaces/share/j60interfaces/hook/ld_library_path_lib.sh'
[1.890s] Level 1:colcon.colcon_core.environment:checking '/home/airporal/Documents/files/J60/ros_ws/install/j60interfaces/bin'
[1.890s] Level 1:colcon.colcon_core.environment:checking '/home/airporal/Documents/files/J60/ros_ws/install/j60interfaces/lib/pkgconfig/j60interfaces.pc'
[1.890s] Level 1:colcon.colcon_core.environment:checking '/home/airporal/Documents/files/J60/ros_ws/install/j60interfaces/lib/python3.10/site-packages'
[1.890s] Level 1:colcon.colcon_core.environment:checking '/home/airporal/Documents/files/J60/ros_ws/install/j60interfaces/bin'
[1.890s] INFO:colcon.colcon_core.shell:Creating package script '/home/airporal/Documents/files/J60/ros_ws/install/j60interfaces/share/j60interfaces/package.ps1'
[1.890s] INFO:colcon.colcon_core.shell:Creating package descriptor '/home/airporal/Documents/files/J60/ros_ws/install/j60interfaces/share/j60interfaces/package.dsv'
[1.891s] INFO:colcon.colcon_core.shell:Creating package script '/home/airporal/Documents/files/J60/ros_ws/install/j60interfaces/share/j60interfaces/package.sh'
[1.891s] INFO:colcon.colcon_core.shell:Creating package script '/home/airporal/Documents/files/J60/ros_ws/install/j60interfaces/share/j60interfaces/package.bash'
[1.891s] INFO:colcon.colcon_core.shell:Creating package script '/home/airporal/Documents/files/J60/ros_ws/install/j60interfaces/share/j60interfaces/package.zsh'
[1.891s] Level 1:colcon.colcon_core.environment:create_file_with_runtime_dependencies(/home/airporal/Documents/files/J60/ros_ws/install/j60interfaces/share/colcon-core/packages/j60interfaces)
[1.891s] INFO:colcon.colcon_ros.task.ament_cmake.build:Building ROS package in '/home/airporal/Documents/files/J60/ros_ws/src/j60controller' with build type 'ament_cmake'
[1.891s] INFO:colcon.colcon_cmake.task.cmake.build:Building CMake package in '/home/airporal/Documents/files/J60/ros_ws/src/j60controller'
[1.891s] INFO:colcon.colcon_core.shell:Skip shell extension 'powershell' for command environment: Not usable outside of PowerShell
[1.891s] DEBUG:colcon.colcon_core.shell:Skip shell extension 'dsv' for command environment
[1.897s] DEBUG:colcon.colcon_core.event_handler.log_command:Invoking command in '/home/airporal/Documents/files/J60/ros_ws/build/j60controller': CMAKE_PREFIX_PATH=/home/airporal/Documents/files/J60/ros_ws/install/j60interfaces:/home/airporal/Documents/files/J60/ros_ws/install/j60controller:/opt/ros/humble LD_LIBRARY_PATH=/home/airporal/Documents/files/J60/ros_ws/install/j60interfaces/lib:/usr/local/cuda-12.1/lib64:/opt/ros/humble/opt/rviz_ogre_vendor/lib:/opt/ros/humble/lib/x86_64-linux-gnu:/opt/ros/humble/lib:/usr/local/cuda-12.1/lib64: /usr/bin/cmake /home/airporal/Documents/files/J60/ros_ws/src/j60controller -DCMAKE_INSTALL_PREFIX=/home/airporal/Documents/files/J60/ros_ws/install/j60controller
[2.475s] DEBUG:colcon.colcon_core.event_handler.log_command:Invoked command in '/home/airporal/Documents/files/J60/ros_ws/build/j60controller' returned '0': CMAKE_PREFIX_PATH=/home/airporal/Documents/files/J60/ros_ws/install/j60interfaces:/home/airporal/Documents/files/J60/ros_ws/install/j60controller:/opt/ros/humble LD_LIBRARY_PATH=/home/airporal/Documents/files/J60/ros_ws/install/j60interfaces/lib:/usr/local/cuda-12.1/lib64:/opt/ros/humble/opt/rviz_ogre_vendor/lib:/opt/ros/humble/lib/x86_64-linux-gnu:/opt/ros/humble/lib:/usr/local/cuda-12.1/lib64: /usr/bin/cmake /home/airporal/Documents/files/J60/ros_ws/src/j60controller -DCMAKE_INSTALL_PREFIX=/home/airporal/Documents/files/J60/ros_ws/install/j60controller
[2.476s] DEBUG:colcon.colcon_core.event_handler.log_command:Invoking command in '/home/airporal/Documents/files/J60/ros_ws/build/j60controller': CMAKE_PREFIX_PATH=/home/airporal/Documents/files/J60/ros_ws/install/j60interfaces:/home/airporal/Documents/files/J60/ros_ws/install/j60controller:/opt/ros/humble LD_LIBRARY_PATH=/home/airporal/Documents/files/J60/ros_ws/install/j60interfaces/lib:/usr/local/cuda-12.1/lib64:/opt/ros/humble/opt/rviz_ogre_vendor/lib:/opt/ros/humble/lib/x86_64-linux-gnu:/opt/ros/humble/lib:/usr/local/cuda-12.1/lib64: /usr/bin/cmake --build /home/airporal/Documents/files/J60/ros_ws/build/j60controller -- -j28 -l28
[6.690s] DEBUG:colcon.colcon_core.event_handler.log_command:Invoked command in '/home/airporal/Documents/files/J60/ros_ws/build/j60controller' returned '0': CMAKE_PREFIX_PATH=/home/airporal/Documents/files/J60/ros_ws/install/j60interfaces:/home/airporal/Documents/files/J60/ros_ws/install/j60controller:/opt/ros/humble LD_LIBRARY_PATH=/home/airporal/Documents/files/J60/ros_ws/install/j60interfaces/lib:/usr/local/cuda-12.1/lib64:/opt/ros/humble/opt/rviz_ogre_vendor/lib:/opt/ros/humble/lib/x86_64-linux-gnu:/opt/ros/humble/lib:/usr/local/cuda-12.1/lib64: /usr/bin/cmake --build /home/airporal/Documents/files/J60/ros_ws/build/j60controller -- -j28 -l28
[6.691s] DEBUG:colcon.colcon_core.event_handler.log_command:Invoking command in '/home/airporal/Documents/files/J60/ros_ws/build/j60controller': CMAKE_PREFIX_PATH=/home/airporal/Documents/files/J60/ros_ws/install/j60interfaces:/home/airporal/Documents/files/J60/ros_ws/install/j60controller:/opt/ros/humble LD_LIBRARY_PATH=/home/airporal/Documents/files/J60/ros_ws/install/j60interfaces/lib:/usr/local/cuda-12.1/lib64:/opt/ros/humble/opt/rviz_ogre_vendor/lib:/opt/ros/humble/lib/x86_64-linux-gnu:/opt/ros/humble/lib:/usr/local/cuda-12.1/lib64: /usr/bin/cmake --install /home/airporal/Documents/files/J60/ros_ws/build/j60controller
[6.701s] Level 1:colcon.colcon_core.environment:create_environment_scripts_only(j60controller)
[6.701s] Level 1:colcon.colcon_core.environment:checking '/home/airporal/Documents/files/J60/ros_ws/install/j60controller' for CMake module files
[6.701s] DEBUG:colcon.colcon_core.event_handler.log_command:Invoked command in '/home/airporal/Documents/files/J60/ros_ws/build/j60controller' returned '0': CMAKE_PREFIX_PATH=/home/airporal/Documents/files/J60/ros_ws/install/j60interfaces:/home/airporal/Documents/files/J60/ros_ws/install/j60controller:/opt/ros/humble LD_LIBRARY_PATH=/home/airporal/Documents/files/J60/ros_ws/install/j60interfaces/lib:/usr/local/cuda-12.1/lib64:/opt/ros/humble/opt/rviz_ogre_vendor/lib:/opt/ros/humble/lib/x86_64-linux-gnu:/opt/ros/humble/lib:/usr/local/cuda-12.1/lib64: /usr/bin/cmake --install /home/airporal/Documents/files/J60/ros_ws/build/j60controller
[6.701s] Level 1:colcon.colcon_core.environment:checking '/home/airporal/Documents/files/J60/ros_ws/install/j60controller' for CMake config files
[6.701s] Level 1:colcon.colcon_core.shell:create_environment_hook('j60controller', 'cmake_prefix_path')
[6.701s] INFO:colcon.colcon_core.shell:Creating environment hook '/home/airporal/Documents/files/J60/ros_ws/install/j60controller/share/j60controller/hook/cmake_prefix_path.ps1'
[6.702s] INFO:colcon.colcon_core.shell:Creating environment descriptor '/home/airporal/Documents/files/J60/ros_ws/install/j60controller/share/j60controller/hook/cmake_prefix_path.dsv'
[6.702s] INFO:colcon.colcon_core.shell:Creating environment hook '/home/airporal/Documents/files/J60/ros_ws/install/j60controller/share/j60controller/hook/cmake_prefix_path.sh'
[6.702s] Level 1:colcon.colcon_core.environment:checking '/home/airporal/Documents/files/J60/ros_ws/install/j60controller/lib'
[6.702s] Level 1:colcon.colcon_core.environment:checking '/home/airporal/Documents/files/J60/ros_ws/install/j60controller/bin'
[6.702s] Level 1:colcon.colcon_core.environment:checking '/home/airporal/Documents/files/J60/ros_ws/install/j60controller/lib/pkgconfig/j60controller.pc'
[6.702s] Level 1:colcon.colcon_core.environment:checking '/home/airporal/Documents/files/J60/ros_ws/install/j60controller/lib/python3.10/site-packages'
[6.702s] Level 1:colcon.colcon_core.environment:checking '/home/airporal/Documents/files/J60/ros_ws/install/j60controller/bin'
[6.702s] INFO:colcon.colcon_core.shell:Creating package script '/home/airporal/Documents/files/J60/ros_ws/install/j60controller/share/j60controller/package.ps1'
[6.703s] INFO:colcon.colcon_core.shell:Creating package descriptor '/home/airporal/Documents/files/J60/ros_ws/install/j60controller/share/j60controller/package.dsv'
[6.703s] INFO:colcon.colcon_core.shell:Creating package script '/home/airporal/Documents/files/J60/ros_ws/install/j60controller/share/j60controller/package.sh'
[6.703s] INFO:colcon.colcon_core.shell:Creating package script '/home/airporal/Documents/files/J60/ros_ws/install/j60controller/share/j60controller/package.bash'
[6.703s] INFO:colcon.colcon_core.shell:Creating package script '/home/airporal/Documents/files/J60/ros_ws/install/j60controller/share/j60controller/package.zsh'
[6.703s] Level 1:colcon.colcon_core.environment:create_file_with_runtime_dependencies(/home/airporal/Documents/files/J60/ros_ws/install/j60controller/share/colcon-core/packages/j60controller)
[6.703s] Level 1:colcon.colcon_core.environment:create_environment_scripts_only(j60controller)
[6.703s] Level 1:colcon.colcon_core.environment:checking '/home/airporal/Documents/files/J60/ros_ws/install/j60controller' for CMake module files
[6.704s] Level 1:colcon.colcon_core.environment:checking '/home/airporal/Documents/files/J60/ros_ws/install/j60controller' for CMake config files
[6.704s] Level 1:colcon.colcon_core.shell:create_environment_hook('j60controller', 'cmake_prefix_path')
[6.704s] INFO:colcon.colcon_core.shell:Creating environment hook '/home/airporal/Documents/files/J60/ros_ws/install/j60controller/share/j60controller/hook/cmake_prefix_path.ps1'
[6.704s] INFO:colcon.colcon_core.shell:Creating environment descriptor '/home/airporal/Documents/files/J60/ros_ws/install/j60controller/share/j60controller/hook/cmake_prefix_path.dsv'
[6.704s] INFO:colcon.colcon_core.shell:Creating environment hook '/home/airporal/Documents/files/J60/ros_ws/install/j60controller/share/j60controller/hook/cmake_prefix_path.sh'
[6.704s] Level 1:colcon.colcon_core.environment:checking '/home/airporal/Documents/files/J60/ros_ws/install/j60controller/lib'
[6.704s] Level 1:colcon.colcon_core.environment:checking '/home/airporal/Documents/files/J60/ros_ws/install/j60controller/bin'
[6.704s] Level 1:colcon.colcon_core.environment:checking '/home/airporal/Documents/files/J60/ros_ws/install/j60controller/lib/pkgconfig/j60controller.pc'
[6.704s] Level 1:colcon.colcon_core.environment:checking '/home/airporal/Documents/files/J60/ros_ws/install/j60controller/lib/python3.10/site-packages'
[6.704s] Level 1:colcon.colcon_core.environment:checking '/home/airporal/Documents/files/J60/ros_ws/install/j60controller/bin'
[6.705s] INFO:colcon.colcon_core.shell:Creating package script '/home/airporal/Documents/files/J60/ros_ws/install/j60controller/share/j60controller/package.ps1'
[6.705s] INFO:colcon.colcon_core.shell:Creating package descriptor '/home/airporal/Documents/files/J60/ros_ws/install/j60controller/share/j60controller/package.dsv'
[6.705s] INFO:colcon.colcon_core.shell:Creating package script '/home/airporal/Documents/files/J60/ros_ws/install/j60controller/share/j60controller/package.sh'
[6.705s] INFO:colcon.colcon_core.shell:Creating package script '/home/airporal/Documents/files/J60/ros_ws/install/j60controller/share/j60controller/package.bash'
[6.705s] INFO:colcon.colcon_core.shell:Creating package script '/home/airporal/Documents/files/J60/ros_ws/install/j60controller/share/j60controller/package.zsh'
[6.705s] Level 1:colcon.colcon_core.environment:create_file_with_runtime_dependencies(/home/airporal/Documents/files/J60/ros_ws/install/j60controller/share/colcon-core/packages/j60controller)
[6.705s] DEBUG:colcon.colcon_parallel_executor.executor.parallel:closing loop
[6.706s] DEBUG:colcon.colcon_parallel_executor.executor.parallel:loop closed
[6.706s] DEBUG:colcon.colcon_parallel_executor.executor.parallel:run_until_complete finished with '0'
[6.706s] DEBUG:colcon.colcon_core.event_reactor:joining thread
[6.708s] INFO:colcon.colcon_core.plugin_system:Skipping extension 'colcon_notification.desktop_notification.terminal_notifier': Not used on non-Darwin systems
[6.708s] INFO:colcon.colcon_core.plugin_system:Skipping extension 'colcon_notification.desktop_notification.win32': Not used on non-Windows systems
[6.708s] INFO:colcon.colcon_notification.desktop_notification:Sending desktop notification using 'notify2'
[6.717s] DEBUG:colcon.colcon_core.event_reactor:joined thread
[6.717s] INFO:colcon.colcon_core.shell:Creating prefix script '/home/airporal/Documents/files/J60/ros_ws/install/local_setup.ps1'
[6.717s] INFO:colcon.colcon_core.shell:Creating prefix util module '/home/airporal/Documents/files/J60/ros_ws/install/_local_setup_util_ps1.py'
[6.718s] INFO:colcon.colcon_core.shell:Creating prefix chain script '/home/airporal/Documents/files/J60/ros_ws/install/setup.ps1'
[6.718s] INFO:colcon.colcon_core.shell:Creating prefix script '/home/airporal/Documents/files/J60/ros_ws/install/local_setup.sh'
[6.718s] INFO:colcon.colcon_core.shell:Creating prefix util module '/home/airporal/Documents/files/J60/ros_ws/install/_local_setup_util_sh.py'
[6.719s] INFO:colcon.colcon_core.shell:Creating prefix chain script '/home/airporal/Documents/files/J60/ros_ws/install/setup.sh'
[6.719s] INFO:colcon.colcon_core.shell:Creating prefix script '/home/airporal/Documents/files/J60/ros_ws/install/local_setup.bash'
[6.719s] INFO:colcon.colcon_core.shell:Creating prefix chain script '/home/airporal/Documents/files/J60/ros_ws/install/setup.bash'
[6.719s] INFO:colcon.colcon_core.shell:Creating prefix script '/home/airporal/Documents/files/J60/ros_ws/install/local_setup.zsh'
[6.720s] INFO:colcon.colcon_core.shell:Creating prefix chain script '/home/airporal/Documents/files/J60/ros_ws/install/setup.zsh'
